+ cc[USER] user/lsfd.c
+ ld obj/user/lsfd
+ cc[USER] user/num.c
+ ld obj/user/num
+ cc[USER] user/forktree.c
+ ld obj/user/forktree
+ cc[USER] user/primes.c
+ ld obj/user/primes
+ cc[USER] user/vmmanager.c
+ ld obj/user/vmmanager
+ cc[USER] user/init.c
+ ld obj/user/init
+ mk obj/fs/clean-fs.img
+ cp obj/fs/clean-fs.img obj/fs/fs.img
***
*** Now run 'gdb'.
***
6828 decimal is 15254 octal!

e820 MEMORY MAP
size: 20, address: 0x0000000000000000, length: 0x000000000009fc00, type: 1
size: 20, address: 0x000000000009fc00, length: 0x0000000000000400, type: 2
size: 20, address: 0x00000000000f0000, length: 0x0000000000010000, type: 2
size: 20, address: 0x0000000000100000, length: 0x000000000fefe000, type: 1
size: 20, address: 0x000000000fffe000, length: 0x0000000000002000, type: 2
size: 20, address: 0x00000000feffc000, length: 0x0000000000004000, type: 2
size: 20, address: 0x00000000fffc0000, length: 0x0000000000040000, type: 2

Physical memory: 256M available, base = 636K, extended = 261120K, npages = 65536
Pages limited to 3276800 by upage address range (12800MB), Pages limited to 134201344 by remapped phys mem (524224MB)
Found boot cpu..
type: 0 apicid:0 version:20 signature:80040f0b60 feature:78bfbfd flags:3 reserved:80040f0b68
SMP: CPU 0 found 1 CPU(s)
enabled interrupts: 1 2 4
PCI: 00:00.0: 8086:1237: class: 8000000800000006.8000000800000000 (Bridge device) irq: 549755813888
PCI: 00:01.0: 8086:7000: class: 8000080800000006.8000080800000001 (Bridge device) irq: 549755813888
PCI: 00:01.1: 8086:7010: class: 8000090800000001.8000090800000001 (Storage controller) irq: 549755813888
PCI: 00:01.3: 8086:7113: class: 80000b0800000006.80000b0800000080 (Bridge device) irq: 549755813897
PCI: 00:02.0: 1013:00b8: class: 8000100800000003.8000100800000000 (Display controller) irq: 549755813888
PCI: 00:03.0: 8086:100e: class: 8000180800000002.8000180800000000 (Network controller) irq: 549755813899
PCI function 00:03.0 (8086:100e) enabled
EPT map to non-guest env failed as expected (4294967293).
VCPUNUM allocated: 0
EPT map from above UTOP area failed as expected (4294967293).
EPT map from unaligned srcva failed as expected (4294967293).
EPT map to out-of-boundary area failed as expected (4294967293).
EPT map to unaligned guest_pa failed as expected (4294967293).
EPT map with empty perm parameter failed as expected (4294967293).
EPT map with write perm parameter failed as expected (4294967293).
sys_ept_map finished normally.
pp_ref incremented correctly
sys_ept_map finished normally.
sys_ept_map handled pp_ref correctly.
EPT lookup with a null eptrt failed as expected
EPT mapping address looks good: 8b9000 vs 8b9000.
map_hva2gpa handle not overwriting correctly
map_hva2gpa success on mapping a page
map_hva2gpa success on perm check
EPT immediate mapping check passed
Cheers! sys_ept_map seems to work correctly.
kernel panic on CPU 0 at ../vmm/ept.c:379: sys_ept_map passed.

Welcome to the JOS kernel monitor!
Type 'help' for a list of commands.
qemu: terminating on signal 15 from pid 17835
